  Compiling CUDA source file GPU_Simple_Particle.cu...
  Compiling CUDA source file GPU_Particle.cu...
  
  
  C:\Users\acx23\Classwork\EE147\Final Project\Final Project>"C:\Program Files\NVIDIA GPU Computing Toolkit\CUDA\v9.1\bin\nvcc.exe" -gencode=arch=compute_30,code=\"sm_30,compute_30\" --use-local-env --cl-version 2015 -ccbin "C:\Program Files (x86)\Microsoft Visual Studio 14.0\VC\bin\x86_amd64" -x cu  -I"C:\Users\acx23\Classwork\EE147\Final Project\deps\glew-2.1.0\include" -I"C:\Users\acx23\Classwork\EE147\Final Project\deps\glfw-3.2.1\include" -I"C:\Users\acx23\Classwork\EE147\Final Project\deps\glm" -I"C:\Program Files\NVIDIA GPU Computing Toolkit\CUDA\v9.1\include" -I"C:\Program Files\NVIDIA GPU Computing Toolkit\CUDA\v9.1\include"     --keep-dir x64\Release -maxrregcount=0  --machine 64 --compile -cudart static     -DWIN32 -DWIN64 -DNDEBUG -D_CONSOLE -D_MBCS -Xcompiler "/EHsc /W3 /nologo /O2 /FS /Zi  /MD " -o x64\Release\GPU_Simple_Particle.cu.obj "C:\Users\acx23\Classwork\EE147\Final Project\Final Project\GPU_Simple_Particle.cu" 
  C:\Users\acx23\Classwork\EE147\Final Project\Final Project>"C:\Program Files\NVIDIA GPU Computing Toolkit\CUDA\v9.1\bin\nvcc.exe" -gencode=arch=compute_30,code=\"sm_30,compute_30\" --use-local-env --cl-version 2015 -ccbin "C:\Program Files (x86)\Microsoft Visual Studio 14.0\VC\bin\x86_amd64" -x cu  -I"C:\Users\acx23\Classwork\EE147\Final Project\deps\glew-2.1.0\include" -I"C:\Users\acx23\Classwork\EE147\Final Project\deps\glfw-3.2.1\include" -I"C:\Users\acx23\Classwork\EE147\Final Project\deps\glm" -I"C:\Program Files\NVIDIA GPU Computing Toolkit\CUDA\v9.1\include" -I"C:\Program Files\NVIDIA GPU Computing Toolkit\CUDA\v9.1\include"     --keep-dir x64\Release -maxrregcount=0  --machine 64 --compile -cudart static     -DWIN32 -DWIN64 -DNDEBUG -D_CONSOLE -D_MBCS -Xcompiler "/EHsc /W3 /nologo /O2 /FS /Zi  /MD " -o x64\Release\GPU_Particle.cu.obj "C:\Users\acx23\Classwork\EE147\Final Project\Final Project\GPU_Particle.cu" 
c:\users\acx23\classwork\ee147\final project\deps\glm\glm\detail/type_vec2.hpp(89): warning : __device__ annotation on a defaulted function("vec") is ignored
c:\users\acx23\classwork\ee147\final project\deps\glm\glm\detail/type_vec2.hpp(89): warning : __device__ annotation on a defaulted function("vec") is ignored
c:\users\acx23\classwork\ee147\final project\deps\glm\glm\detail/type_vec2.hpp(89): warning : __host__ annotation on a defaulted function("vec") is ignored
c:\users\acx23\classwork\ee147\final project\deps\glm\glm\detail/type_vec2.hpp(90): warning : __device__ annotation on a defaulted function("vec") is ignored
c:\users\acx23\classwork\ee147\final project\deps\glm\glm\detail/type_vec2.hpp(90): warning : __host__ annotation on a defaulted function("vec") is ignored
c:\users\acx23\classwork\ee147\final project\deps\glm\glm\detail/type_vec2.hpp(131): warning : __device__ annotation on a defaulted function("operator=") is ignored
c:\users\acx23\classwork\ee147\final project\deps\glm\glm\detail/type_vec2.hpp(89): warning : __host__ annotation on a defaulted function("vec") is ignored
c:\users\acx23\classwork\ee147\final project\deps\glm\glm\detail/type_vec2.hpp(131): warning : __host__ annotation on a defaulted function("operator=") is ignored
c:\users\acx23\classwork\ee147\final project\deps\glm\glm\detail/type_vec2.hpp(90): warning : __device__ annotation on a defaulted function("vec") is ignored
c:\users\acx23\classwork\ee147\final project\deps\glm\glm\detail/type_vec2.hpp(90): warning : __host__ annotation on a defaulted function("vec") is ignored
c:\users\acx23\classwork\ee147\final project\deps\glm\glm\detail/type_vec2.hpp(131): warning : __device__ annotation on a defaulted function("operator=") is ignored
c:\users\acx23\classwork\ee147\final project\deps\glm\glm\detail/type_vec2.hpp(131): warning : __host__ annotation on a defaulted function("operator=") is ignored
c:\users\acx23\classwork\ee147\final project\deps\glm\glm\detail/type_vec3.hpp(89): warning : __device__ annotation on a defaulted function("vec") is ignored
c:\users\acx23\classwork\ee147\final project\deps\glm\glm\detail/type_vec3.hpp(89): warning : __host__ annotation on a defaulted function("vec") is ignored
c:\users\acx23\classwork\ee147\final project\deps\glm\glm\detail/type_vec3.hpp(90): warning : __device__ annotation on a defaulted function("vec") is ignored
c:\users\acx23\classwork\ee147\final project\deps\glm\glm\detail/type_vec3.hpp(90): warning : __host__ annotation on a defaulted function("vec") is ignored
c:\users\acx23\classwork\ee147\final project\deps\glm\glm\detail/type_vec3.hpp(152): warning : __device__ annotation on a defaulted function("operator=") is ignored
c:\users\acx23\classwork\ee147\final project\deps\glm\glm\detail/type_vec3.hpp(152): warning : __host__ annotation on a defaulted function("operator=") is ignored
c:\users\acx23\classwork\ee147\final project\deps\glm\glm\detail/type_vec3.hpp(89): warning : __device__ annotation on a defaulted function("vec") is ignored
c:\users\acx23\classwork\ee147\final project\deps\glm\glm\detail/type_vec3.hpp(89): warning : __host__ annotation on a defaulted function("vec") is ignored
c:\users\acx23\classwork\ee147\final project\deps\glm\glm\detail/type_vec3.hpp(90): warning : __device__ annotation on a defaulted function("vec") is ignored
c:\users\acx23\classwork\ee147\final project\deps\glm\glm\detail/type_vec3.hpp(90): warning : __host__ annotation on a defaulted function("vec") is ignored
c:\users\acx23\classwork\ee147\final project\deps\glm\glm\detail/type_vec3.hpp(152): warning : __device__ annotation on a defaulted function("operator=") is ignored
c:\users\acx23\classwork\ee147\final project\deps\glm\glm\detail/type_vec3.hpp(152): warning : __host__ annotation on a defaulted function("operator=") is ignored
c:\users\acx23\classwork\ee147\final project\deps\glm\glm\detail/type_vec4.hpp(92): warning : __device__ annotation on a defaulted function("vec") is ignored
c:\users\acx23\classwork\ee147\final project\deps\glm\glm\detail/type_vec4.hpp(92): warning : __host__ annotation on a defaulted function("vec") is ignored
c:\users\acx23\classwork\ee147\final project\deps\glm\glm\detail/type_vec4.hpp(93): warning : __device__ annotation on a defaulted function("vec") is ignored
c:\users\acx23\classwork\ee147\final project\deps\glm\glm\detail/type_vec4.hpp(93): warning : __host__ annotation on a defaulted function("vec") is ignored
c:\users\acx23\classwork\ee147\final project\deps\glm\glm\detail/type_vec4.hpp(197): warning : __device__ annotation on a defaulted function("operator=") is ignored
c:\users\acx23\classwork\ee147\final project\deps\glm\glm\detail/type_vec4.hpp(197): warning : __host__ annotation on a defaulted function("operator=") is ignored
c:\users\acx23\classwork\ee147\final project\deps\glm\glm\detail/type_vec4.hpp(92): warning : __device__ annotation on a defaulted function("vec") is ignored
c:\users\acx23\classwork\ee147\final project\deps\glm\glm\detail/type_vec4.hpp(92): warning : __host__ annotation on a defaulted function("vec") is ignored
c:\users\acx23\classwork\ee147\final project\deps\glm\glm\detail/type_vec4.hpp(93): warning : __device__ annotation on a defaulted function("vec") is ignored
c:\users\acx23\classwork\ee147\final project\deps\glm\glm\detail/type_vec4.hpp(93): warning : __host__ annotation on a defaulted function("vec") is ignored
c:\users\acx23\classwork\ee147\final project\deps\glm\glm\detail/type_vec4.hpp(197): warning : __device__ annotation on a defaulted function("operator=") is ignored
c:\users\acx23\classwork\ee147\final project\deps\glm\glm\detail/type_mat2x2.hpp(37): warning : __device__ annotation on a defaulted function("mat") is ignored
c:\users\acx23\classwork\ee147\final project\deps\glm\glm\detail/type_vec4.hpp(197): warning : __host__ annotation on a defaulted function("operator=") is ignored
c:\users\acx23\classwork\ee147\final project\deps\glm\glm\detail/type_mat2x2.hpp(37): warning : __host__ annotation on a defaulted function("mat") is ignored
c:\users\acx23\classwork\ee147\final project\deps\glm\glm\detail/type_mat2x2.hpp(38): warning : __device__ annotation on a defaulted function("mat") is ignored
c:\users\acx23\classwork\ee147\final project\deps\glm\glm\detail/type_mat2x2.hpp(38): warning : __host__ annotation on a defaulted function("mat") is ignored
c:\users\acx23\classwork\ee147\final project\deps\glm\glm\detail/type_mat2x2.hpp(78): warning : __device__ annotation on a defaulted function("operator=") is ignored
c:\users\acx23\classwork\ee147\final project\deps\glm\glm\detail/type_mat2x2.hpp(78): warning : __host__ annotation on a defaulted function("operator=") is ignored
c:\users\acx23\classwork\ee147\final project\deps\glm\glm\detail/type_mat2x3.hpp(38): warning : __device__ annotation on a defaulted function("mat") is ignored
c:\users\acx23\classwork\ee147\final project\deps\glm\glm\detail/type_mat2x3.hpp(38): warning : __host__ annotation on a defaulted function("mat") is ignored
c:\users\acx23\classwork\ee147\final project\deps\glm\glm\detail/type_mat2x3.hpp(39): warning : __device__ annotation on a defaulted function("mat") is ignored
c:\users\acx23\classwork\ee147\final project\deps\glm\glm\detail/type_mat2x3.hpp(39): warning : __host__ annotation on a defaulted function("mat") is ignored
c:\users\acx23\classwork\ee147\final project\deps\glm\glm\detail/type_mat2x3.hpp(79): warning : __device__ annotation on a defaulted function("operator=") is ignored
c:\users\acx23\classwork\ee147\final project\deps\glm\glm\detail/type_mat2x3.hpp(79): warning : __host__ annotation on a defaulted function("operator=") is ignored
c:\users\acx23\classwork\ee147\final project\deps\glm\glm\detail/type_mat2x4.hpp(38): warning : __device__ annotation on a defaulted function("mat") is ignored
c:\users\acx23\classwork\ee147\final project\deps\glm\glm\detail/type_mat2x2.hpp(37): warning : __device__ annotation on a defaulted function("mat") is ignored
c:\users\acx23\classwork\ee147\final project\deps\glm\glm\detail/type_mat2x4.hpp(38): warning : __host__ annotation on a defaulted function("mat") is ignored
c:\users\acx23\classwork\ee147\final project\deps\glm\glm\detail/type_mat2x4.hpp(39): warning : __device__ annotation on a defaulted function("mat") is ignored
c:\users\acx23\classwork\ee147\final project\deps\glm\glm\detail/type_mat2x2.hpp(37): warning : __host__ annotation on a defaulted function("mat") is ignored
c:\users\acx23\classwork\ee147\final project\deps\glm\glm\detail/type_mat2x4.hpp(39): warning : __host__ annotation on a defaulted function("mat") is ignored
c:\users\acx23\classwork\ee147\final project\deps\glm\glm\detail/type_mat2x2.hpp(38): warning : __device__ annotation on a defaulted function("mat") is ignored
c:\users\acx23\classwork\ee147\final project\deps\glm\glm\detail/type_mat2x4.hpp(81): warning : __device__ annotation on a defaulted function("operator=") is ignored
c:\users\acx23\classwork\ee147\final project\deps\glm\glm\detail/type_mat2x2.hpp(38): warning : __host__ annotation on a defaulted function("mat") is ignored
c:\users\acx23\classwork\ee147\final project\deps\glm\glm\detail/type_mat2x4.hpp(81): warning : __host__ annotation on a defaulted function("operator=") is ignored
c:\users\acx23\classwork\ee147\final project\deps\glm\glm\detail/type_mat2x2.hpp(78): warning : __device__ annotation on a defaulted function("operator=") is ignored
c:\users\acx23\classwork\ee147\final project\deps\glm\glm\detail/type_mat2x2.hpp(78): warning : __host__ annotation on a defaulted function("operator=") is ignored
c:\users\acx23\classwork\ee147\final project\deps\glm\glm\detail/type_mat2x3.hpp(38): warning : __device__ annotation on a defaulted function("mat") is ignored
c:\users\acx23\classwork\ee147\final project\deps\glm\glm\detail/type_mat2x3.hpp(38): warning : __host__ annotation on a defaulted function("mat") is ignored
c:\users\acx23\classwork\ee147\final project\deps\glm\glm\detail/type_mat2x3.hpp(39): warning : __device__ annotation on a defaulted function("mat") is ignored
c:\users\acx23\classwork\ee147\final project\deps\glm\glm\detail/type_mat2x3.hpp(39): warning : __host__ annotation on a defaulted function("mat") is ignored
c:\users\acx23\classwork\ee147\final project\deps\glm\glm\detail/type_mat2x3.hpp(79): warning : __device__ annotation on a defaulted function("operator=") is ignored
c:\users\acx23\classwork\ee147\final project\deps\glm\glm\detail/type_mat2x3.hpp(79): warning : __host__ annotation on a defaulted function("operator=") is ignored
c:\users\acx23\classwork\ee147\final project\deps\glm\glm\detail/type_mat3x2.hpp(38): warning : __device__ annotation on a defaulted function("mat") is ignored
c:\users\acx23\classwork\ee147\final project\deps\glm\glm\detail/type_mat3x2.hpp(38): warning : __host__ annotation on a defaulted function("mat") is ignored
c:\users\acx23\classwork\ee147\final project\deps\glm\glm\detail/type_mat3x2.hpp(39): warning : __device__ annotation on a defaulted function("mat") is ignored
c:\users\acx23\classwork\ee147\final project\deps\glm\glm\detail/type_mat2x4.hpp(38): warning : __device__ annotation on a defaulted function("mat") is ignored
c:\users\acx23\classwork\ee147\final project\deps\glm\glm\detail/type_mat2x4.hpp(38): warning : __host__ annotation on a defaulted function("mat") is ignored
c:\users\acx23\classwork\ee147\final project\deps\glm\glm\detail/type_mat3x2.hpp(39): warning : __host__ annotation on a defaulted function("mat") is ignored
c:\users\acx23\classwork\ee147\final project\deps\glm\glm\detail/type_mat2x4.hpp(39): warning : __device__ annotation on a defaulted function("mat") is ignored
c:\users\acx23\classwork\ee147\final project\deps\glm\glm\detail/type_mat2x4.hpp(39): warning : __host__ annotation on a defaulted function("mat") is ignored
c:\users\acx23\classwork\ee147\final project\deps\glm\glm\detail/type_mat3x2.hpp(86): warning : __device__ annotation on a defaulted function("operator=") is ignored
c:\users\acx23\classwork\ee147\final project\deps\glm\glm\detail/type_mat2x4.hpp(81): warning : __device__ annotation on a defaulted function("operator=") is ignored
c:\users\acx23\classwork\ee147\final project\deps\glm\glm\detail/type_mat2x4.hpp(81): warning : __host__ annotation on a defaulted function("operator=") is ignored
c:\users\acx23\classwork\ee147\final project\deps\glm\glm\detail/type_mat3x2.hpp(86): warning : __host__ annotation on a defaulted function("operator=") is ignored
c:\users\acx23\classwork\ee147\final project\deps\glm\glm\detail/type_mat3x3.hpp(37): warning : __device__ annotation on a defaulted function("mat") is ignored
c:\users\acx23\classwork\ee147\final project\deps\glm\glm\detail/type_mat3x2.hpp(38): warning : __device__ annotation on a defaulted function("mat") is ignored
c:\users\acx23\classwork\ee147\final project\deps\glm\glm\detail/type_mat3x3.hpp(37): warning : __host__ annotation on a defaulted function("mat") is ignored
c:\users\acx23\classwork\ee147\final project\deps\glm\glm\detail/type_mat3x3.hpp(38): warning : __device__ annotation on a defaulted function("mat") is ignored
c:\users\acx23\classwork\ee147\final project\deps\glm\glm\detail/type_mat3x3.hpp(38): warning : __host__ annotation on a defaulted function("mat") is ignored
c:\users\acx23\classwork\ee147\final project\deps\glm\glm\detail/type_mat3x3.hpp(85): warning : __device__ annotation on a defaulted function("operator=") is ignored
c:\users\acx23\classwork\ee147\final project\deps\glm\glm\detail/type_mat3x2.hpp(38): warning : __host__ annotation on a defaulted function("mat") is ignored
c:\users\acx23\classwork\ee147\final project\deps\glm\glm\detail/type_mat3x3.hpp(85): warning : __host__ annotation on a defaulted function("operator=") is ignored
c:\users\acx23\classwork\ee147\final project\deps\glm\glm\detail/type_mat3x2.hpp(39): warning : __device__ annotation on a defaulted function("mat") is ignored
c:\users\acx23\classwork\ee147\final project\deps\glm\glm\detail/type_mat3x2.hpp(39): warning : __host__ annotation on a defaulted function("mat") is ignored
c:\users\acx23\classwork\ee147\final project\deps\glm\glm\detail/type_mat3x2.hpp(86): warning : __device__ annotation on a defaulted function("operator=") is ignored
c:\users\acx23\classwork\ee147\final project\deps\glm\glm\detail/type_mat3x2.hpp(86): warning : __host__ annotation on a defaulted function("operator=") is ignored
c:\users\acx23\classwork\ee147\final project\deps\glm\glm\detail/type_mat3x4.hpp(38): warning : __device__ annotation on a defaulted function("mat") is ignored
c:\users\acx23\classwork\ee147\final project\deps\glm\glm\detail/type_mat3x4.hpp(38): warning : __host__ annotation on a defaulted function("mat") is ignored
c:\users\acx23\classwork\ee147\final project\deps\glm\glm\detail/type_mat3x4.hpp(39): warning : __device__ annotation on a defaulted function("mat") is ignored
c:\users\acx23\classwork\ee147\final project\deps\glm\glm\detail/type_mat3x4.hpp(39): warning : __host__ annotation on a defaulted function("mat") is ignored
c:\users\acx23\classwork\ee147\final project\deps\glm\glm\detail/type_mat3x4.hpp(86): warning : __device__ annotation on a defaulted function("operator=") is ignored
c:\users\acx23\classwork\ee147\final project\deps\glm\glm\detail/type_mat3x4.hpp(86): warning : __host__ annotation on a defaulted function("operator=") is ignored
c:\users\acx23\classwork\ee147\final project\deps\glm\glm\detail/type_mat3x3.hpp(37): warning : __device__ annotation on a defaulted function("mat") is ignored
c:\users\acx23\classwork\ee147\final project\deps\glm\glm\detail/type_mat3x3.hpp(37): warning : __host__ annotation on a defaulted function("mat") is ignored
c:\users\acx23\classwork\ee147\final project\deps\glm\glm\detail/type_mat3x3.hpp(38): warning : __device__ annotation on a defaulted function("mat") is ignored
c:\users\acx23\classwork\ee147\final project\deps\glm\glm\detail/type_mat4x2.hpp(38): warning : __device__ annotation on a defaulted function("mat") is ignored
c:\users\acx23\classwork\ee147\final project\deps\glm\glm\detail/type_mat3x3.hpp(38): warning : __host__ annotation on a defaulted function("mat") is ignored
c:\users\acx23\classwork\ee147\final project\deps\glm\glm\detail/type_mat4x2.hpp(38): warning : __host__ annotation on a defaulted function("mat") is ignored
c:\users\acx23\classwork\ee147\final project\deps\glm\glm\detail/type_mat3x3.hpp(85): warning : __device__ annotation on a defaulted function("operator=") is ignored
c:\users\acx23\classwork\ee147\final project\deps\glm\glm\detail/type_mat4x2.hpp(39): warning : __device__ annotation on a defaulted function("mat") is ignored
c:\users\acx23\classwork\ee147\final project\deps\glm\glm\detail/type_mat3x3.hpp(85): warning : __host__ annotation on a defaulted function("operator=") is ignored
c:\users\acx23\classwork\ee147\final project\deps\glm\glm\detail/type_mat4x2.hpp(39): warning : __host__ annotation on a defaulted function("mat") is ignored
c:\users\acx23\classwork\ee147\final project\deps\glm\glm\detail/type_mat4x2.hpp(91): warning : __device__ annotation on a defaulted function("operator=") is ignored
c:\users\acx23\classwork\ee147\final project\deps\glm\glm\detail/type_mat4x2.hpp(91): warning : __host__ annotation on a defaulted function("operator=") is ignored
c:\users\acx23\classwork\ee147\final project\deps\glm\glm\detail/type_mat3x4.hpp(38): warning : __device__ annotation on a defaulted function("mat") is ignored
c:\users\acx23\classwork\ee147\final project\deps\glm\glm\detail/type_mat3x4.hpp(38): warning : __host__ annotation on a defaulted function("mat") is ignored
c:\users\acx23\classwork\ee147\final project\deps\glm\glm\detail/type_mat4x3.hpp(38): warning : __device__ annotation on a defaulted function("mat") is ignored
c:\users\acx23\classwork\ee147\final project\deps\glm\glm\detail/type_mat3x4.hpp(39): warning : __device__ annotation on a defaulted function("mat") is ignored
c:\users\acx23\classwork\ee147\final project\deps\glm\glm\detail/type_mat4x3.hpp(38): warning : __host__ annotation on a defaulted function("mat") is ignored
c:\users\acx23\classwork\ee147\final project\deps\glm\glm\detail/type_mat3x4.hpp(39): warning : __host__ annotation on a defaulted function("mat") is ignored
c:\users\acx23\classwork\ee147\final project\deps\glm\glm\detail/type_mat4x3.hpp(39): warning : __device__ annotation on a defaulted function("mat") is ignored
c:\users\acx23\classwork\ee147\final project\deps\glm\glm\detail/type_mat3x4.hpp(86): warning : __device__ annotation on a defaulted function("operator=") is ignored
c:\users\acx23\classwork\ee147\final project\deps\glm\glm\detail/type_mat4x3.hpp(39): warning : __host__ annotation on a defaulted function("mat") is ignored
c:\users\acx23\classwork\ee147\final project\deps\glm\glm\detail/type_mat3x4.hpp(86): warning : __host__ annotation on a defaulted function("operator=") is ignored
c:\users\acx23\classwork\ee147\final project\deps\glm\glm\detail/type_mat4x3.hpp(91): warning : __device__ annotation on a defaulted function("operator=") is ignored
c:\users\acx23\classwork\ee147\final project\deps\glm\glm\detail/type_mat4x3.hpp(91): warning : __host__ annotation on a defaulted function("operator=") is ignored
c:\users\acx23\classwork\ee147\final project\deps\glm\glm\detail/type_mat4x2.hpp(38): warning : __device__ annotation on a defaulted function("mat") is ignored
c:\users\acx23\classwork\ee147\final project\deps\glm\glm\detail/type_mat4x2.hpp(38): warning : __host__ annotation on a defaulted function("mat") is ignored
c:\users\acx23\classwork\ee147\final project\deps\glm\glm\detail/type_mat4x2.hpp(39): warning : __device__ annotation on a defaulted function("mat") is ignored
c:\users\acx23\classwork\ee147\final project\deps\glm\glm\detail/type_mat4x2.hpp(39): warning : __host__ annotation on a defaulted function("mat") is ignored
c:\users\acx23\classwork\ee147\final project\deps\glm\glm\detail/type_mat4x2.hpp(91): warning : __device__ annotation on a defaulted function("operator=") is ignored
c:\users\acx23\classwork\ee147\final project\deps\glm\glm\detail/type_mat4x4.hpp(37): warning : __device__ annotation on a defaulted function("mat") is ignored
c:\users\acx23\classwork\ee147\final project\deps\glm\glm\detail/type_mat4x2.hpp(91): warning : __host__ annotation on a defaulted function("operator=") is ignored
c:\users\acx23\classwork\ee147\final project\deps\glm\glm\detail/type_mat4x4.hpp(37): warning : __host__ annotation on a defaulted function("mat") is ignored
c:\users\acx23\classwork\ee147\final project\deps\glm\glm\detail/type_mat4x4.hpp(38): warning : __device__ annotation on a defaulted function("mat") is ignored
c:\users\acx23\classwork\ee147\final project\deps\glm\glm\detail/type_mat4x4.hpp(38): warning : __host__ annotation on a defaulted function("mat") is ignored
c:\users\acx23\classwork\ee147\final project\deps\glm\glm\detail/type_mat4x4.hpp(90): warning : __device__ annotation on a defaulted function("operator=") is ignored
c:\users\acx23\classwork\ee147\final project\deps\glm\glm\detail/type_mat4x4.hpp(90): warning : __host__ annotation on a defaulted function("operator=") is ignored
c:\users\acx23\classwork\ee147\final project\deps\glm\glm\detail/type_mat4x3.hpp(38): warning : __device__ annotation on a defaulted function("mat") is ignored
c:\users\acx23\classwork\ee147\final project\deps\glm\glm\detail/type_mat4x3.hpp(38): warning : __host__ annotation on a defaulted function("mat") is ignored
c:\users\acx23\classwork\ee147\final project\deps\glm\glm\detail/type_mat4x3.hpp(39): warning : __device__ annotation on a defaulted function("mat") is ignored
c:\users\acx23\classwork\ee147\final project\deps\glm\glm\detail/type_mat4x3.hpp(39): warning : __host__ annotation on a defaulted function("mat") is ignored
c:\users\acx23\classwork\ee147\final project\deps\glm\glm\detail/type_mat4x3.hpp(91): warning : __device__ annotation on a defaulted function("operator=") is ignored
c:\users\acx23\classwork\ee147\final project\deps\glm\glm\detail/type_mat4x3.hpp(91): warning : __host__ annotation on a defaulted function("operator=") is ignored
c:\users\acx23\classwork\ee147\final project\deps\glm\glm\detail/type_mat4x4.hpp(37): warning : __device__ annotation on a defaulted function("mat") is ignored
c:\users\acx23\classwork\ee147\final project\deps\glm\glm\detail/type_mat4x4.hpp(37): warning : __host__ annotation on a defaulted function("mat") is ignored
c:\users\acx23\classwork\ee147\final project\deps\glm\glm\detail/type_mat4x4.hpp(38): warning : __device__ annotation on a defaulted function("mat") is ignored
c:\users\acx23\classwork\ee147\final project\deps\glm\glm\detail/type_mat4x4.hpp(38): warning : __host__ annotation on a defaulted function("mat") is ignored
c:\users\acx23\classwork\ee147\final project\deps\glm\glm\detail/type_mat4x4.hpp(90): warning : __device__ annotation on a defaulted function("operator=") is ignored
c:\users\acx23\classwork\ee147\final project\deps\glm\glm\detail/type_mat4x4.hpp(90): warning : __host__ annotation on a defaulted function("operator=") is ignored
c:\users\acx23\classwork\ee147\final project\deps\glm\glm\detail\../ext/vec1.hpp(104): warning : __device__ annotation on a defaulted function("vec") is ignored
c:\users\acx23\classwork\ee147\final project\deps\glm\glm\detail\../ext/vec1.hpp(104): warning : __host__ annotation on a defaulted function("vec") is ignored
c:\users\acx23\classwork\ee147\final project\deps\glm\glm\detail\../ext/vec1.hpp(105): warning : __device__ annotation on a defaulted function("vec") is ignored
c:\users\acx23\classwork\ee147\final project\deps\glm\glm\detail\../ext/vec1.hpp(105): warning : __host__ annotation on a defaulted function("vec") is ignored
c:\users\acx23\classwork\ee147\final project\deps\glm\glm\detail\../ext/vec1.hpp(141): warning : __device__ annotation on a defaulted function("operator=") is ignored
c:\users\acx23\classwork\ee147\final project\deps\glm\glm\detail\../ext/vec1.hpp(141): warning : __host__ annotation on a defaulted function("operator=") is ignored
c:\users\acx23\classwork\ee147\final project\deps\glm\glm\gtx\../gtc/quaternion.hpp(80): warning : __device__ annotation on a defaulted function("tquat") is ignored
c:\users\acx23\classwork\ee147\final project\deps\glm\glm\gtx\../gtc/quaternion.hpp(80): warning : __host__ annotation on a defaulted function("tquat") is ignored
c:\users\acx23\classwork\ee147\final project\deps\glm\glm\gtx\../gtc/quaternion.hpp(81): warning : __device__ annotation on a defaulted function("tquat") is ignored
c:\users\acx23\classwork\ee147\final project\deps\glm\glm\gtx\../gtc/quaternion.hpp(81): warning : __host__ annotation on a defaulted function("tquat") is ignored
c:\users\acx23\classwork\ee147\final project\deps\glm\glm\gtx\../gtc/quaternion.hpp(116): warning : __device__ annotation on a defaulted function("operator=") is ignored
c:\users\acx23\classwork\ee147\final project\deps\glm\glm\gtx\../gtc/quaternion.hpp(116): warning : __host__ annotation on a defaulted function("operator=") is ignored
c:\users\acx23\classwork\ee147\final project\deps\glm\glm\detail\../ext/vec1.hpp(104): warning : __device__ annotation on a defaulted function("vec") is ignored
c:\users\acx23\classwork\ee147\final project\deps\glm\glm\detail\../ext/vec1.hpp(104): warning : __host__ annotation on a defaulted function("vec") is ignored
c:\users\acx23\classwork\ee147\final project\deps\glm\glm\detail\../ext/vec1.hpp(105): warning : __device__ annotation on a defaulted function("vec") is ignored
c:\users\acx23\classwork\ee147\final project\deps\glm\glm\detail\../ext/vec1.hpp(105): warning : __host__ annotation on a defaulted function("vec") is ignored
c:\users\acx23\classwork\ee147\final project\deps\glm\glm\detail\../ext/vec1.hpp(141): warning : __device__ annotation on a defaulted function("operator=") is ignored
c:\users\acx23\classwork\ee147\final project\deps\glm\glm\detail\../ext/vec1.hpp(141): warning : __host__ annotation on a defaulted function("operator=") is ignored
c:\users\acx23\classwork\ee147\final project\deps\glm\glm\gtx\../gtc/quaternion.hpp(80): warning : __device__ annotation on a defaulted function("tquat") is ignored
c:\users\acx23\classwork\ee147\final project\deps\glm\glm\gtx\../gtc/quaternion.hpp(80): warning : __host__ annotation on a defaulted function("tquat") is ignored
c:\users\acx23\classwork\ee147\final project\deps\glm\glm\gtx\../gtc/quaternion.hpp(81): warning : __device__ annotation on a defaulted function("tquat") is ignored
c:\users\acx23\classwork\ee147\final project\deps\glm\glm\gtx\../gtc/quaternion.hpp(81): warning : __host__ annotation on a defaulted function("tquat") is ignored
c:\users\acx23\classwork\ee147\final project\deps\glm\glm\gtx\../gtc/quaternion.hpp(116): warning : __device__ annotation on a defaulted function("operator=") is ignored
c:\users\acx23\classwork\ee147\final project\deps\glm\glm\gtx\../gtc/quaternion.hpp(116): warning : __host__ annotation on a defaulted function("operator=") is ignored
c:\users\acx23\classwork\ee147\final project\final project\GPU_Simple_Particle.cuh(30): warning : declaration requires a typedef name
c:\users\acx23\classwork\ee147\final project\deps\glm\glm\detail/type_vec2.hpp(89): warning : __device__ annotation on a defaulted function("vec") is ignored
c:\users\acx23\classwork\ee147\final project\deps\glm\glm\detail/type_vec2.hpp(89): warning : __host__ annotation on a defaulted function("vec") is ignored
c:\users\acx23\classwork\ee147\final project\deps\glm\glm\detail/type_vec2.hpp(90): warning : __device__ annotation on a defaulted function("vec") is ignored
c:\users\acx23\classwork\ee147\final project\deps\glm\glm\detail/type_vec2.hpp(90): warning : __host__ annotation on a defaulted function("vec") is ignored
c:\users\acx23\classwork\ee147\final project\deps\glm\glm\detail/type_vec2.hpp(131): warning : __device__ annotation on a defaulted function("operator=") is ignored
c:\users\acx23\classwork\ee147\final project\deps\glm\glm\detail/type_vec2.hpp(131): warning : __host__ annotation on a defaulted function("operator=") is ignored
c:\users\acx23\classwork\ee147\final project\deps\glm\glm\detail/type_vec2.hpp(89): warning : __device__ annotation on a defaulted function("vec") is ignored
c:\users\acx23\classwork\ee147\final project\deps\glm\glm\detail/type_vec2.hpp(89): warning : __host__ annotation on a defaulted function("vec") is ignored
c:\users\acx23\classwork\ee147\final project\deps\glm\glm\detail/type_vec2.hpp(90): warning : __device__ annotation on a defaulted function("vec") is ignored
c:\users\acx23\classwork\ee147\final project\deps\glm\glm\detail/type_vec2.hpp(90): warning : __host__ annotation on a defaulted function("vec") is ignored
c:\users\acx23\classwork\ee147\final project\deps\glm\glm\detail/type_vec2.hpp(131): warning : __device__ annotation on a defaulted function("operator=") is ignored
c:\users\acx23\classwork\ee147\final project\deps\glm\glm\detail/type_vec2.hpp(131): warning : __host__ annotation on a defaulted function("operator=") is ignored
c:\users\acx23\classwork\ee147\final project\deps\glm\glm\detail/type_vec3.hpp(89): warning : __device__ annotation on a defaulted function("vec") is ignored
c:\users\acx23\classwork\ee147\final project\deps\glm\glm\detail/type_vec3.hpp(89): warning : __host__ annotation on a defaulted function("vec") is ignored
c:\users\acx23\classwork\ee147\final project\deps\glm\glm\detail/type_vec3.hpp(90): warning : __device__ annotation on a defaulted function("vec") is ignored
c:\users\acx23\classwork\ee147\final project\deps\glm\glm\detail/type_vec3.hpp(90): warning : __host__ annotation on a defaulted function("vec") is ignored
c:\users\acx23\classwork\ee147\final project\deps\glm\glm\detail/type_vec3.hpp(89): warning : __device__ annotation on a defaulted function("vec") is ignored
c:\users\acx23\classwork\ee147\final project\deps\glm\glm\detail/type_vec3.hpp(89): warning : __host__ annotation on a defaulted function("vec") is ignored
c:\users\acx23\classwork\ee147\final project\deps\glm\glm\detail/type_vec3.hpp(152): warning : __device__ annotation on a defaulted function("operator=") is ignored
c:\users\acx23\classwork\ee147\final project\deps\glm\glm\detail/type_vec3.hpp(90): warning : __device__ annotation on a defaulted function("vec") is ignored
c:\users\acx23\classwork\ee147\final project\deps\glm\glm\detail/type_vec3.hpp(152): warning : __host__ annotation on a defaulted function("operator=") is ignored
c:\users\acx23\classwork\ee147\final project\deps\glm\glm\detail/type_vec3.hpp(90): warning : __host__ annotation on a defaulted function("vec") is ignored
c:\users\acx23\classwork\ee147\final project\deps\glm\glm\detail/type_vec3.hpp(152): warning : __device__ annotation on a defaulted function("operator=") is ignored
c:\users\acx23\classwork\ee147\final project\deps\glm\glm\detail/type_vec3.hpp(152): warning : __host__ annotation on a defaulted function("operator=") is ignored
c:\users\acx23\classwork\ee147\final project\deps\glm\glm\detail/type_vec4.hpp(92): warning : __device__ annotation on a defaulted function("vec") is ignored
c:\users\acx23\classwork\ee147\final project\deps\glm\glm\detail/type_vec4.hpp(92): warning : __host__ annotation on a defaulted function("vec") is ignored
c:\users\acx23\classwork\ee147\final project\deps\glm\glm\detail/type_vec4.hpp(93): warning : __device__ annotation on a defaulted function("vec") is ignored
c:\users\acx23\classwork\ee147\final project\deps\glm\glm\detail/type_vec4.hpp(93): warning : __host__ annotation on a defaulted function("vec") is ignored
c:\users\acx23\classwork\ee147\final project\deps\glm\glm\detail/type_vec4.hpp(197): warning : __device__ annotation on a defaulted function("operator=") is ignored
c:\users\acx23\classwork\ee147\final project\deps\glm\glm\detail/type_vec4.hpp(197): warning : __host__ annotation on a defaulted function("operator=") is ignored
c:\users\acx23\classwork\ee147\final project\deps\glm\glm\detail/type_vec4.hpp(92): warning : __device__ annotation on a defaulted function("vec") is ignored
c:\users\acx23\classwork\ee147\final project\deps\glm\glm\detail/type_vec4.hpp(92): warning : __host__ annotation on a defaulted function("vec") is ignored
c:\users\acx23\classwork\ee147\final project\deps\glm\glm\detail/type_vec4.hpp(93): warning : __device__ annotation on a defaulted function("vec") is ignored
c:\users\acx23\classwork\ee147\final project\deps\glm\glm\detail/type_vec4.hpp(93): warning : __host__ annotation on a defaulted function("vec") is ignored
c:\users\acx23\classwork\ee147\final project\deps\glm\glm\detail/type_vec4.hpp(197): warning : __device__ annotation on a defaulted function("operator=") is ignored
c:\users\acx23\classwork\ee147\final project\deps\glm\glm\detail/type_vec4.hpp(197): warning : __host__ annotation on a defaulted function("operator=") is ignored
c:\users\acx23\classwork\ee147\final project\deps\glm\glm\detail/type_mat2x2.hpp(37): warning : __device__ annotation on a defaulted function("mat") is ignored
c:\users\acx23\classwork\ee147\final project\deps\glm\glm\detail/type_mat2x2.hpp(37): warning : __host__ annotation on a defaulted function("mat") is ignored
c:\users\acx23\classwork\ee147\final project\deps\glm\glm\detail/type_mat2x2.hpp(38): warning : __device__ annotation on a defaulted function("mat") is ignored
c:\users\acx23\classwork\ee147\final project\deps\glm\glm\detail/type_mat2x2.hpp(38): warning : __host__ annotation on a defaulted function("mat") is ignored
c:\users\acx23\classwork\ee147\final project\deps\glm\glm\detail/type_mat2x2.hpp(78): warning : __device__ annotation on a defaulted function("operator=") is ignored
c:\users\acx23\classwork\ee147\final project\deps\glm\glm\detail/type_mat2x2.hpp(78): warning : __host__ annotation on a defaulted function("operator=") is ignored
c:\users\acx23\classwork\ee147\final project\deps\glm\glm\detail/type_mat2x3.hpp(38): warning : __device__ annotation on a defaulted function("mat") is ignored
c:\users\acx23\classwork\ee147\final project\deps\glm\glm\detail/type_mat2x3.hpp(38): warning : __host__ annotation on a defaulted function("mat") is ignored
c:\users\acx23\classwork\ee147\final project\deps\glm\glm\detail/type_mat2x2.hpp(37): warning : __device__ annotation on a defaulted function("mat") is ignored
c:\users\acx23\classwork\ee147\final project\deps\glm\glm\detail/type_mat2x2.hpp(37): warning : __host__ annotation on a defaulted function("mat") is ignored
c:\users\acx23\classwork\ee147\final project\deps\glm\glm\detail/type_mat2x2.hpp(38): warning : __device__ annotation on a defaulted function("mat") is ignored
c:\users\acx23\classwork\ee147\final project\deps\glm\glm\detail/type_mat2x2.hpp(38): warning : __host__ annotation on a defaulted function("mat") is ignored
c:\users\acx23\classwork\ee147\final project\deps\glm\glm\detail/type_mat2x2.hpp(78): warning : __device__ annotation on a defaulted function("operator=") is ignored
c:\users\acx23\classwork\ee147\final project\deps\glm\glm\detail/type_mat2x3.hpp(39): warning : __device__ annotation on a defaulted function("mat") is ignored
c:\users\acx23\classwork\ee147\final project\deps\glm\glm\detail/type_mat2x2.hpp(78): warning : __host__ annotation on a defaulted function("operator=") is ignored
c:\users\acx23\classwork\ee147\final project\deps\glm\glm\detail/type_mat2x3.hpp(39): warning : __host__ annotation on a defaulted function("mat") is ignored
c:\users\acx23\classwork\ee147\final project\deps\glm\glm\detail/type_mat2x3.hpp(38): warning : __device__ annotation on a defaulted function("mat") is ignored
c:\users\acx23\classwork\ee147\final project\deps\glm\glm\detail/type_mat2x3.hpp(79): warning : __device__ annotation on a defaulted function("operator=") is ignored
c:\users\acx23\classwork\ee147\final project\deps\glm\glm\detail/type_mat2x3.hpp(38): warning : __host__ annotation on a defaulted function("mat") is ignored
c:\users\acx23\classwork\ee147\final project\deps\glm\glm\detail/type_mat2x3.hpp(39): warning : __device__ annotation on a defaulted function("mat") is ignored
c:\users\acx23\classwork\ee147\final project\deps\glm\glm\detail/type_mat2x3.hpp(39): warning : __host__ annotation on a defaulted function("mat") is ignored
c:\users\acx23\classwork\ee147\final project\deps\glm\glm\detail/type_mat2x3.hpp(79): warning : __host__ annotation on a defaulted function("operator=") is ignored
c:\users\acx23\classwork\ee147\final project\deps\glm\glm\detail/type_mat2x3.hpp(79): warning : __device__ annotation on a defaulted function("operator=") is ignored
c:\users\acx23\classwork\ee147\final project\deps\glm\glm\detail/type_mat2x3.hpp(79): warning : __host__ annotation on a defaulted function("operator=") is ignored
c:\users\acx23\classwork\ee147\final project\deps\glm\glm\detail/type_mat2x4.hpp(38): warning : __device__ annotation on a defaulted function("mat") is ignored
c:\users\acx23\classwork\ee147\final project\deps\glm\glm\detail/type_mat2x4.hpp(38): warning : __device__ annotation on a defaulted function("mat") is ignored
c:\users\acx23\classwork\ee147\final project\deps\glm\glm\detail/type_mat2x4.hpp(38): warning : __host__ annotation on a defaulted function("mat") is ignored
c:\users\acx23\classwork\ee147\final project\deps\glm\glm\detail/type_mat2x4.hpp(39): warning : __device__ annotation on a defaulted function("mat") is ignored
c:\users\acx23\classwork\ee147\final project\deps\glm\glm\detail/type_mat2x4.hpp(38): warning : __host__ annotation on a defaulted function("mat") is ignored
c:\users\acx23\classwork\ee147\final project\deps\glm\glm\detail/type_mat2x4.hpp(39): warning : __host__ annotation on a defaulted function("mat") is ignored
c:\users\acx23\classwork\ee147\final project\deps\glm\glm\detail/type_mat2x4.hpp(81): warning : __device__ annotation on a defaulted function("operator=") is ignored
c:\users\acx23\classwork\ee147\final project\deps\glm\glm\detail/type_mat2x4.hpp(39): warning : __device__ annotation on a defaulted function("mat") is ignored
c:\users\acx23\classwork\ee147\final project\deps\glm\glm\detail/type_mat2x4.hpp(81): warning : __host__ annotation on a defaulted function("operator=") is ignored
c:\users\acx23\classwork\ee147\final project\deps\glm\glm\detail/type_mat2x4.hpp(39): warning : __host__ annotation on a defaulted function("mat") is ignored
c:\users\acx23\classwork\ee147\final project\deps\glm\glm\detail/type_mat2x4.hpp(81): warning : __device__ annotation on a defaulted function("operator=") is ignored
c:\users\acx23\classwork\ee147\final project\deps\glm\glm\detail/type_mat2x4.hpp(81): warning : __host__ annotation on a defaulted function("operator=") is ignored
c:\users\acx23\classwork\ee147\final project\deps\glm\glm\detail/type_mat3x2.hpp(38): warning : __device__ annotation on a defaulted function("mat") is ignored
c:\users\acx23\classwork\ee147\final project\deps\glm\glm\detail/type_mat3x2.hpp(38): warning : __host__ annotation on a defaulted function("mat") is ignored
c:\users\acx23\classwork\ee147\final project\deps\glm\glm\detail/type_mat3x2.hpp(38): warning : __device__ annotation on a defaulted function("mat") is ignored
c:\users\acx23\classwork\ee147\final project\deps\glm\glm\detail/type_mat3x2.hpp(38): warning : __host__ annotation on a defaulted function("mat") is ignored
c:\users\acx23\classwork\ee147\final project\deps\glm\glm\detail/type_mat3x2.hpp(39): warning : __device__ annotation on a defaulted function("mat") is ignored
c:\users\acx23\classwork\ee147\final project\deps\glm\glm\detail/type_mat3x2.hpp(39): warning : __device__ annotation on a defaulted function("mat") is ignored
c:\users\acx23\classwork\ee147\final project\deps\glm\glm\detail/type_mat3x2.hpp(39): warning : __host__ annotation on a defaulted function("mat") is ignored
c:\users\acx23\classwork\ee147\final project\deps\glm\glm\detail/type_mat3x2.hpp(39): warning : __host__ annotation on a defaulted function("mat") is ignored
c:\users\acx23\classwork\ee147\final project\deps\glm\glm\detail/type_mat3x2.hpp(86): warning : __device__ annotation on a defaulted function("operator=") is ignored
c:\users\acx23\classwork\ee147\final project\deps\glm\glm\detail/type_mat3x2.hpp(86): warning : __host__ annotation on a defaulted function("operator=") is ignored
c:\users\acx23\classwork\ee147\final project\deps\glm\glm\detail/type_mat3x2.hpp(86): warning : __device__ annotation on a defaulted function("operator=") is ignored
c:\users\acx23\classwork\ee147\final project\deps\glm\glm\detail/type_mat3x2.hpp(86): warning : __host__ annotation on a defaulted function("operator=") is ignored
c:\users\acx23\classwork\ee147\final project\deps\glm\glm\detail/type_mat3x3.hpp(37): warning : __device__ annotation on a defaulted function("mat") is ignored
c:\users\acx23\classwork\ee147\final project\deps\glm\glm\detail/type_mat3x3.hpp(37): warning : __host__ annotation on a defaulted function("mat") is ignored
c:\users\acx23\classwork\ee147\final project\deps\glm\glm\detail/type_mat3x3.hpp(38): warning : __device__ annotation on a defaulted function("mat") is ignored
c:\users\acx23\classwork\ee147\final project\deps\glm\glm\detail/type_mat3x3.hpp(38): warning : __host__ annotation on a defaulted function("mat") is ignored
c:\users\acx23\classwork\ee147\final project\deps\glm\glm\detail/type_mat3x3.hpp(85): warning : __device__ annotation on a defaulted function("operator=") is ignored
c:\users\acx23\classwork\ee147\final project\deps\glm\glm\detail/type_mat3x3.hpp(37): warning : __device__ annotation on a defaulted function("mat") is ignored
c:\users\acx23\classwork\ee147\final project\deps\glm\glm\detail/type_mat3x3.hpp(37): warning : __host__ annotation on a defaulted function("mat") is ignored
c:\users\acx23\classwork\ee147\final project\deps\glm\glm\detail/type_mat3x3.hpp(38): warning : __device__ annotation on a defaulted function("mat") is ignored
c:\users\acx23\classwork\ee147\final project\deps\glm\glm\detail/type_mat3x3.hpp(38): warning : __host__ annotation on a defaulted function("mat") is ignored
c:\users\acx23\classwork\ee147\final project\deps\glm\glm\detail/type_mat3x3.hpp(85): warning : __host__ annotation on a defaulted function("operator=") is ignored
c:\users\acx23\classwork\ee147\final project\deps\glm\glm\detail/type_mat3x3.hpp(85): warning : __device__ annotation on a defaulted function("operator=") is ignored
c:\users\acx23\classwork\ee147\final project\deps\glm\glm\detail/type_mat3x3.hpp(85): warning : __host__ annotation on a defaulted function("operator=") is ignored
c:\users\acx23\classwork\ee147\final project\deps\glm\glm\detail/type_mat3x4.hpp(38): warning : __device__ annotation on a defaulted function("mat") is ignored
c:\users\acx23\classwork\ee147\final project\deps\glm\glm\detail/type_mat3x4.hpp(38): warning : __device__ annotation on a defaulted function("mat") is ignored
c:\users\acx23\classwork\ee147\final project\deps\glm\glm\detail/type_mat3x4.hpp(38): warning : __host__ annotation on a defaulted function("mat") is ignored
c:\users\acx23\classwork\ee147\final project\deps\glm\glm\detail/type_mat3x4.hpp(38): warning : __host__ annotation on a defaulted function("mat") is ignored
c:\users\acx23\classwork\ee147\final project\deps\glm\glm\detail/type_mat3x4.hpp(39): warning : __device__ annotation on a defaulted function("mat") is ignored
c:\users\acx23\classwork\ee147\final project\deps\glm\glm\detail/type_mat3x4.hpp(39): warning : __device__ annotation on a defaulted function("mat") is ignored
c:\users\acx23\classwork\ee147\final project\deps\glm\glm\detail/type_mat3x4.hpp(39): warning : __host__ annotation on a defaulted function("mat") is ignored
c:\users\acx23\classwork\ee147\final project\deps\glm\glm\detail/type_mat3x4.hpp(39): warning : __host__ annotation on a defaulted function("mat") is ignored
c:\users\acx23\classwork\ee147\final project\deps\glm\glm\detail/type_mat3x4.hpp(86): warning : __device__ annotation on a defaulted function("operator=") is ignored
c:\users\acx23\classwork\ee147\final project\deps\glm\glm\detail/type_mat3x4.hpp(86): warning : __host__ annotation on a defaulted function("operator=") is ignored
c:\users\acx23\classwork\ee147\final project\deps\glm\glm\detail/type_mat3x4.hpp(86): warning : __device__ annotation on a defaulted function("operator=") is ignored
c:\users\acx23\classwork\ee147\final project\deps\glm\glm\detail/type_mat3x4.hpp(86): warning : __host__ annotation on a defaulted function("operator=") is ignored
c:\users\acx23\classwork\ee147\final project\deps\glm\glm\detail/type_mat4x2.hpp(38): warning : __device__ annotation on a defaulted function("mat") is ignored
c:\users\acx23\classwork\ee147\final project\deps\glm\glm\detail/type_mat4x2.hpp(38): warning : __host__ annotation on a defaulted function("mat") is ignored
c:\users\acx23\classwork\ee147\final project\deps\glm\glm\detail/type_mat4x2.hpp(39): warning : __device__ annotation on a defaulted function("mat") is ignored
c:\users\acx23\classwork\ee147\final project\deps\glm\glm\detail/type_mat4x2.hpp(39): warning : __host__ annotation on a defaulted function("mat") is ignored
c:\users\acx23\classwork\ee147\final project\deps\glm\glm\detail/type_mat4x2.hpp(91): warning : __device__ annotation on a defaulted function("operator=") is ignored
c:\users\acx23\classwork\ee147\final project\deps\glm\glm\detail/type_mat4x2.hpp(91): warning : __host__ annotation on a defaulted function("operator=") is ignored
c:\users\acx23\classwork\ee147\final project\deps\glm\glm\detail/type_mat4x2.hpp(38): warning : __device__ annotation on a defaulted function("mat") is ignored
c:\users\acx23\classwork\ee147\final project\deps\glm\glm\detail/type_mat4x2.hpp(38): warning : __host__ annotation on a defaulted function("mat") is ignored
c:\users\acx23\classwork\ee147\final project\deps\glm\glm\detail/type_mat4x2.hpp(39): warning : __device__ annotation on a defaulted function("mat") is ignored
c:\users\acx23\classwork\ee147\final project\deps\glm\glm\detail/type_mat4x2.hpp(39): warning : __host__ annotation on a defaulted function("mat") is ignored
c:\users\acx23\classwork\ee147\final project\deps\glm\glm\detail/type_mat4x3.hpp(38): warning : __device__ annotation on a defaulted function("mat") is ignored
c:\users\acx23\classwork\ee147\final project\deps\glm\glm\detail/type_mat4x2.hpp(91): warning : __device__ annotation on a defaulted function("operator=") is ignored
c:\users\acx23\classwork\ee147\final project\deps\glm\glm\detail/type_mat4x3.hpp(38): warning : __host__ annotation on a defaulted function("mat") is ignored
c:\users\acx23\classwork\ee147\final project\deps\glm\glm\detail/type_mat4x2.hpp(91): warning : __host__ annotation on a defaulted function("operator=") is ignored
c:\users\acx23\classwork\ee147\final project\deps\glm\glm\detail/type_mat4x3.hpp(39): warning : __device__ annotation on a defaulted function("mat") is ignored
c:\users\acx23\classwork\ee147\final project\deps\glm\glm\detail/type_mat4x3.hpp(39): warning : __host__ annotation on a defaulted function("mat") is ignored
c:\users\acx23\classwork\ee147\final project\deps\glm\glm\detail/type_mat4x3.hpp(91): warning : __device__ annotation on a defaulted function("operator=") is ignored
c:\users\acx23\classwork\ee147\final project\deps\glm\glm\detail/type_mat4x3.hpp(91): warning : __host__ annotation on a defaulted function("operator=") is ignored
c:\users\acx23\classwork\ee147\final project\deps\glm\glm\detail/type_mat4x3.hpp(38): warning : __device__ annotation on a defaulted function("mat") is ignored
c:\users\acx23\classwork\ee147\final project\deps\glm\glm\detail/type_mat4x3.hpp(38): warning : __host__ annotation on a defaulted function("mat") is ignored
c:\users\acx23\classwork\ee147\final project\deps\glm\glm\detail/type_mat4x3.hpp(39): warning : __device__ annotation on a defaulted function("mat") is ignored
c:\users\acx23\classwork\ee147\final project\deps\glm\glm\detail/type_mat4x3.hpp(39): warning : __host__ annotation on a defaulted function("mat") is ignored
c:\users\acx23\classwork\ee147\final project\deps\glm\glm\detail/type_mat4x3.hpp(91): warning : __device__ annotation on a defaulted function("operator=") is ignored
c:\users\acx23\classwork\ee147\final project\deps\glm\glm\detail/type_mat4x3.hpp(91): warning : __host__ annotation on a defaulted function("operator=") is ignored
c:\users\acx23\classwork\ee147\final project\deps\glm\glm\detail/type_mat4x4.hpp(37): warning : __device__ annotation on a defaulted function("mat") is ignored
c:\users\acx23\classwork\ee147\final project\deps\glm\glm\detail/type_mat4x4.hpp(37): warning : __device__ annotation on a defaulted function("mat") is ignored
c:\users\acx23\classwork\ee147\final project\deps\glm\glm\detail/type_mat4x4.hpp(37): warning : __host__ annotation on a defaulted function("mat") is ignored
c:\users\acx23\classwork\ee147\final project\deps\glm\glm\detail/type_mat4x4.hpp(37): warning : __host__ annotation on a defaulted function("mat") is ignored
c:\users\acx23\classwork\ee147\final project\deps\glm\glm\detail/type_mat4x4.hpp(38): warning : __device__ annotation on a defaulted function("mat") is ignored
c:\users\acx23\classwork\ee147\final project\deps\glm\glm\detail/type_mat4x4.hpp(38): warning : __host__ annotation on a defaulted function("mat") is ignored
c:\users\acx23\classwork\ee147\final project\deps\glm\glm\detail/type_mat4x4.hpp(38): warning : __device__ annotation on a defaulted function("mat") is ignored
c:\users\acx23\classwork\ee147\final project\deps\glm\glm\detail/type_mat4x4.hpp(90): warning : __device__ annotation on a defaulted function("operator=") is ignored
c:\users\acx23\classwork\ee147\final project\deps\glm\glm\detail/type_mat4x4.hpp(90): warning : __host__ annotation on a defaulted function("operator=") is ignored
c:\users\acx23\classwork\ee147\final project\deps\glm\glm\detail/type_mat4x4.hpp(38): warning : __host__ annotation on a defaulted function("mat") is ignored
c:\users\acx23\classwork\ee147\final project\deps\glm\glm\detail/type_mat4x4.hpp(90): warning : __device__ annotation on a defaulted function("operator=") is ignored
c:\users\acx23\classwork\ee147\final project\deps\glm\glm\detail/type_mat4x4.hpp(90): warning : __host__ annotation on a defaulted function("operator=") is ignored
c:\users\acx23\classwork\ee147\final project\deps\glm\glm\detail\../ext/vec1.hpp(104): warning : __device__ annotation on a defaulted function("vec") is ignored
c:\users\acx23\classwork\ee147\final project\deps\glm\glm\detail\../ext/vec1.hpp(104): warning : __host__ annotation on a defaulted function("vec") is ignored
c:\users\acx23\classwork\ee147\final project\deps\glm\glm\detail\../ext/vec1.hpp(105): warning : __device__ annotation on a defaulted function("vec") is ignored
c:\users\acx23\classwork\ee147\final project\deps\glm\glm\detail\../ext/vec1.hpp(104): warning : __device__ annotation on a defaulted function("vec") is ignored
c:\users\acx23\classwork\ee147\final project\deps\glm\glm\detail\../ext/vec1.hpp(105): warning : __host__ annotation on a defaulted function("vec") is ignored
c:\users\acx23\classwork\ee147\final project\deps\glm\glm\detail\../ext/vec1.hpp(104): warning : __host__ annotation on a defaulted function("vec") is ignored
c:\users\acx23\classwork\ee147\final project\deps\glm\glm\detail\../ext/vec1.hpp(105): warning : __device__ annotation on a defaulted function("vec") is ignored
c:\users\acx23\classwork\ee147\final project\deps\glm\glm\detail\../ext/vec1.hpp(105): warning : __host__ annotation on a defaulted function("vec") is ignored
c:\users\acx23\classwork\ee147\final project\deps\glm\glm\detail\../ext/vec1.hpp(141): warning : __device__ annotation on a defaulted function("operator=") is ignored
c:\users\acx23\classwork\ee147\final project\deps\glm\glm\detail\../ext/vec1.hpp(141): warning : __device__ annotation on a defaulted function("operator=") is ignored
c:\users\acx23\classwork\ee147\final project\deps\glm\glm\detail\../ext/vec1.hpp(141): warning : __host__ annotation on a defaulted function("operator=") is ignored
c:\users\acx23\classwork\ee147\final project\deps\glm\glm\detail\../ext/vec1.hpp(141): warning : __host__ annotation on a defaulted function("operator=") is ignored
c:\users\acx23\classwork\ee147\final project\deps\glm\glm\gtx\../gtc/quaternion.hpp(80): warning : __device__ annotation on a defaulted function("tquat") is ignored
c:\users\acx23\classwork\ee147\final project\deps\glm\glm\gtx\../gtc/quaternion.hpp(80): warning : __device__ annotation on a defaulted function("tquat") is ignored
c:\users\acx23\classwork\ee147\final project\deps\glm\glm\gtx\../gtc/quaternion.hpp(80): warning : __host__ annotation on a defaulted function("tquat") is ignored
c:\users\acx23\classwork\ee147\final project\deps\glm\glm\gtx\../gtc/quaternion.hpp(81): warning : __device__ annotation on a defaulted function("tquat") is ignored
c:\users\acx23\classwork\ee147\final project\deps\glm\glm\gtx\../gtc/quaternion.hpp(80): warning : __host__ annotation on a defaulted function("tquat") is ignored
c:\users\acx23\classwork\ee147\final project\deps\glm\glm\gtx\../gtc/quaternion.hpp(81): warning : __host__ annotation on a defaulted function("tquat") is ignored
c:\users\acx23\classwork\ee147\final project\deps\glm\glm\gtx\../gtc/quaternion.hpp(116): warning : __device__ annotation on a defaulted function("operator=") is ignored
c:\users\acx23\classwork\ee147\final project\deps\glm\glm\gtx\../gtc/quaternion.hpp(81): warning : __device__ annotation on a defaulted function("tquat") is ignored
c:\users\acx23\classwork\ee147\final project\deps\glm\glm\gtx\../gtc/quaternion.hpp(116): warning : __host__ annotation on a defaulted function("operator=") is ignored
c:\users\acx23\classwork\ee147\final project\deps\glm\glm\gtx\../gtc/quaternion.hpp(81): warning : __host__ annotation on a defaulted function("tquat") is ignored
c:\users\acx23\classwork\ee147\final project\deps\glm\glm\gtx\../gtc/quaternion.hpp(116): warning : __device__ annotation on a defaulted function("operator=") is ignored
c:\users\acx23\classwork\ee147\final project\deps\glm\glm\gtx\../gtc/quaternion.hpp(116): warning : __host__ annotation on a defaulted function("operator=") is ignored
c:\users\acx23\classwork\ee147\final project\final project\GPU_Simple_Particle.cuh(30): warning : declaration requires a typedef name
  GPU_Simple_Particle.cu
  GPU_Particle.cu
C:/Users/acx23/Classwork/EE147/Final Project/Final Project/GPU_Particle.cu(24): warning C4305: '=': truncation from 'double' to 'float'
C:/Users/acx23/Classwork/EE147/Final Project/Final Project/GPU_Particle.cu(133): warning C4305: '=': truncation from 'double' to 'GLfloat'
  CPU_Particle.cpp
  Main.cpp
Main.cpp(98): warning C4244: 'argument': conversion from 'double' to 'float', possible loss of data
Main.cpp(99): warning C4244: 'argument': conversion from 'double' to 'float', possible loss of data
  Generating code
  21 of 311 functions ( 6.8%) were compiled, the rest were copied from previous compilation.
    0 functions were new in current compilation
    5 functions had inline decision re-evaluated but remain unchanged
  Finished generating code
  Final Project.vcxproj -> C:\Users\acx23\Classwork\EE147\Final Project\x64\Release\Final Project.exe
  Final Project.vcxproj -> C:\Users\acx23\Classwork\EE147\Final Project\x64\Release\Final Project.pdb (Full PDB)
  copy "C:\Program Files\NVIDIA GPU Computing Toolkit\CUDA\v9.1\bin\cudart*.dll" "C:\Users\acx23\Classwork\EE147\Final Project\x64\Release\"
  C:\Program Files\NVIDIA GPU Computing Toolkit\CUDA\v9.1\bin\cudart32_91.dll
  C:\Program Files\NVIDIA GPU Computing Toolkit\CUDA\v9.1\bin\cudart64_91.dll
          2 file(s) copied.
